#
# There is insufficient memory for the Java Runtime Environment to continue.
# Native memory allocation (malloc) failed to allocate 32744 bytes for ChunkPool::allocate
# Possible reasons:
#   The system is out of physical RAM or swap space
#   In 32 bit mode, the process size limit was hit
# Possible solutions:
#   Reduce memory load on the system
#   Increase physical memory or swap space
#   Check if swap backing store is full
#   Use 64 bit Java on a 64 bit OS
#   Decrease Java heap size (-Xmx/-Xms)
#   Decrease number of Java threads
#   Decrease Java thread stack sizes (-Xss)
#   Set larger code cache with -XX:ReservedCodeCacheSize=
# This output file may be truncated or incomplete.
#
#  Out of Memory Error (allocation.cpp:273), pid=4792, tid=0x0000000000002668
#
# JRE version: Java(TM) SE Runtime Environment (8.0_161-b12) (build 1.8.0_161-b12)
# Java VM: Java HotSpot(TM) 64-Bit Server VM (25.161-b12 mixed mode windows-amd64 compressed oops)
# Failed to write core dump. Minidumps are not enabled by default on client versions of Windows
#

---------------  T H R E A D  ---------------

Current thread (0x000000001c3e2800):  JavaThread "AWT-EventQueue-0" [_thread_in_vm, id=9832, stack(0x000000001d750000,0x000000001d850000)]

Stack: [0x000000001d750000,0x000000001d850000]
[error occurred during error reporting (printing stack bounds), id 0xc0000005]

Native frames: (J=compiled Java code, j=interpreted, Vv=VM code, C=native code)

Java frames: (J=compiled Java code, j=interpreted, Vv=VM code)
j  sun.misc.Unsafe.defineClass(Ljava/lang/String;[BIILjava/lang/ClassLoader;Ljava/security/ProtectionDomain;)Ljava/lang/Class;+0
j  sun.reflect.ClassDefiner.defineClass(Ljava/lang/String;[BIILjava/lang/ClassLoader;)Ljava/lang/Class;+27
j  sun.reflect.MethodAccessorGenerator$1.run()Lsun/reflect/MagicAccessorImpl;+21
j  sun.reflect.MethodAccessorGenerator$1.run()Ljava/lang/Object;+1
v  ~StubRoutines::call_stub
J 417  java.security.AccessController.doPrivileged(Ljava/security/PrivilegedAction;)Ljava/lang/Object; (0 bytes) @ 0x00000000054ca052 [0x00000000054ca000+0x52]
j  sun.reflect.MethodAccessorGenerator.generate(Ljava/lang/Class;Ljava/lang/String;[Ljava/lang/Class;Ljava/lang/Class;[Ljava/lang/Class;IZZLjava/lang/Class;)Lsun/reflect/MagicAccessorImpl;+755
j  sun.reflect.MethodAccessorGenerator.generateConstructor(Ljava/lang/Class;[Ljava/lang/Class;[Ljava/lang/Class;I)Lsun/reflect/ConstructorAccessor;+14
j  sun.reflect.NativeConstructorAccessorImpl.newInstance([Ljava/lang/Object;)Ljava/lang/Object;+65
J 1842 C1 sun.reflect.DelegatingConstructorAccessorImpl.newInstance([Ljava/lang/Object;)Ljava/lang/Object; (9 bytes) @ 0x0000000005867dc4 [0x0000000005867cc0+0x104]
J 1834 C1 java.lang.reflect.Constructor.newInstance([Ljava/lang/Object;)Ljava/lang/Object; (87 bytes) @ 0x0000000005866fcc [0x0000000005866b00+0x4cc]
j  java.lang.Class.newInstance()Ljava/lang/Object;+138
j  com.sun.org.apache.xerces.internal.utils.ObjectFactory.newInstance(Ljava/lang/String;Ljava/lang/ClassLoader;Z)Ljava/lang/Object;+8
j  com.sun.org.apache.xerces.internal.utils.ObjectFactory.newInstance(Ljava/lang/String;Z)Ljava/lang/Object;+18
j  com.sun.org.apache.xerces.internal.impl.dv.SchemaDVFactory.getInstance(Ljava/lang/String;)Lcom/sun/org/apache/xerces/internal/impl/dv/SchemaDVFactory;+2
j  com.sun.org.apache.xerces.internal.impl.dv.SchemaDVFactory.getInstance()Lcom/sun/org/apache/xerces/internal/impl/dv/SchemaDVFactory;+2
j  com.sun.org.apache.xerces.internal.impl.xs.XMLSchemaLoader.reset(Lcom/sun/org/apache/xerces/internal/xni/parser/XMLComponentManager;)V+174
j  com.sun.org.apache.xerces.internal.impl.xs.XMLSchemaValidator.reset(Lcom/sun/org/apache/xerces/internal/xni/parser/XMLComponentManager;)V+34
j  com.sun.org.apache.xerces.internal.parsers.XML11Configuration.configurePipeline()V+512
j  com.sun.org.apache.xerces.internal.parsers.XIncludeAwareParserConfiguration.configurePipeline()V+1
j  com.sun.org.apache.xerces.internal.parsers.XML11Configuration.parse(Z)Z+64
j  com.sun.org.apache.xerces.internal.parsers.XML11Configuration.parse(Lcom/sun/org/apache/xerces/internal/xni/parser/XMLInputSource;)V+29
j  com.sun.org.apache.xerces.internal.parsers.XMLParser.parse(Lcom/sun/org/apache/xerces/internal/xni/parser/XMLInputSource;)V+76
j  com.sun.org.apache.xerces.internal.parsers.AbstractSAXParser.parse(Lorg/xml/sax/InputSource;)V+43
j  com.sun.org.apache.xerces.internal.jaxp.SAXParserImpl$JAXPSAXParser.parse(Lorg/xml/sax/InputSource;)V+53
j  org.dom4j.io.SAXReader.read(Lorg/xml/sax/InputSource;)Lorg/dom4j/Document;+130
j  org.hibernate.internal.util.xml.MappingReader.legacyReadMappingDocument(Lorg/xml/sax/EntityResolver;Lorg/xml/sax/InputSource;Lorg/hibernate/internal/util/xml/Origin;)Lorg/hibernate/internal/util/xml/XmlDocument;+57
j  org.hibernate.internal.util.xml.MappingReader.readMappingDocument(Lorg/xml/sax/EntityResolver;Lorg/xml/sax/InputSource;Lorg/hibernate/internal/util/xml/Origin;)Lorg/hibernate/internal/util/xml/XmlDocument;+4
j  org.hibernate.cfg.Configuration.add(Lorg/xml/sax/InputSource;Lorg/hibernate/internal/util/xml/Origin;)Lorg/hibernate/internal/util/xml/XmlDocument;+9
j  org.hibernate.cfg.Configuration.add(Lorg/xml/sax/InputSource;Ljava/lang/String;Ljava/lang/String;)Lorg/hibernate/internal/util/xml/XmlDocument;+11
j  org.hibernate.cfg.Configuration.add(Ljava/io/InputStream;Ljava/lang/String;Ljava/lang/String;)Lorg/hibernate/internal/util/xml/XmlDocument;+15
j  org.hibernate.cfg.Configuration.addResource(Ljava/lang/String;)Lorg/hibernate/cfg/Configuration;+60
j  org.hibernate.cfg.Configuration.parseMappingElement(Lorg/dom4j/Element;Ljava/lang/String;)V+80
j  org.hibernate.cfg.Configuration.parseSessionFactory(Lorg/dom4j/Element;Ljava/lang/String;)V+51
j  org.hibernate.cfg.Configuration.doConfigure(Lorg/dom4j/Document;)Lorg/hibernate/cfg/Configuration;+49
j  org.hibernate.cfg.Configuration.doConfigure(Ljava/io/InputStream;Ljava/lang/String;)Lorg/hibernate/cfg/Configuration;+68
j  org.hibernate.cfg.Configuration.configure(Ljava/lang/String;)Lorg/hibernate/cfg/Configuration;+18
j  org.hibernate.cfg.Configuration.configure()Lorg/hibernate/cfg/Configuration;+4
j  Util.HibernateUtil.getSessionFactory()Lorg/hibernate/SessionFactory;+7
j  DAO.SinhVienDAO.getListSinhVien()Ljava/util/List;+2
j  MainFrame.JGiaoVu.LoadDssvIntoTable()V+0
j  MainFrame.JGiaoVu.<init>(Lpojo/Giaovu;)V+130
j  MainFrame.JLogin.btnLoginActionPerformed(Ljava/awt/event/ActionEvent;)V+103
j  MainFrame.JLogin.access$000(LMainFrame/JLogin;Ljava/awt/event/ActionEvent;)V+2
j  MainFrame.JLogin$1.actionPerformed(Ljava/awt/event/ActionEvent;)V+5
j  javax.swing.AbstractButton.fireActionPerformed(Ljava/awt/event/ActionEvent;)V+83
j  javax.swing.AbstractButton$Handler.actionPerformed(Ljava/awt/event/ActionEvent;)V+5
j  javax.swing.DefaultButtonModel.fireActionPerformed(Ljava/awt/event/ActionEvent;)V+34
j  javax.swing.DefaultButtonModel.setPressed(Z)V+117
j  javax.swing.plaf.basic.BasicButtonListener.mouseReleased(Ljava/awt/event/MouseEvent;)V+35
j  java.awt.Component.processMouseEvent(Ljava/awt/event/MouseEvent;)V+64
j  javax.swing.JComponent.processMouseEvent(Ljava/awt/event/MouseEvent;)V+23
j  java.awt.Component.processEvent(Ljava/awt/AWTEvent;)V+81
j  java.awt.Container.processEvent(Ljava/awt/AWTEvent;)V+18
j  java.awt.Component.dispatchEventImpl(Ljava/awt/AWTEvent;)V+589
j  java.awt.Container.dispatchEventImpl(Ljava/awt/AWTEvent;)V+42
J 737 C1 java.awt.Component.dispatchEvent(Ljava/awt/AWTEvent;)V (6 bytes) @ 0x0000000005570004 [0x000000000556ff00+0x104]
j  java.awt.LightweightDispatcher.retargetMouseEvent(Ljava/awt/Component;ILjava/awt/event/MouseEvent;)V+327
j  java.awt.LightweightDispatcher.processMouseEvent(Ljava/awt/event/MouseEvent;)Z+155
j  java.awt.LightweightDispatcher.dispatchEvent(Ljava/awt/AWTEvent;)Z+50
j  java.awt.Container.dispatchEventImpl(Ljava/awt/AWTEvent;)V+12
j  java.awt.Window.dispatchEventImpl(Ljava/awt/AWTEvent;)V+19
J 793 C1 java.awt.EventQueue.dispatchEventImpl(Ljava/awt/AWTEvent;Ljava/lang/Object;)V (149 bytes) @ 0x000000000558fffc [0x000000000558e7c0+0x183c]
J 791 C1 java.awt.EventQueue$3.run()Ljava/lang/Void; (60 bytes) @ 0x000000000558dbcc [0x000000000558d9c0+0x20c]
J 790 C1 java.awt.EventQueue$3.run()Ljava/lang/Object; (5 bytes) @ 0x000000000558d64c [0x000000000558d5c0+0x8c]
v  ~StubRoutines::call_stub
J 660  java.security.AccessController.doPrivileged(Ljava/security/PrivilegedAction;Ljava/security/AccessControlContext;)Ljava/lang/Object; (0 bytes) @ 0x0000000005541b26 [0x0000000005541ac0+0x66]
J 666 C1 java.security.ProtectionDomain$JavaSecurityAccessImpl.doIntersectionPrivilege(Ljava/security/PrivilegedAction;Ljava/security/AccessControlContext;Ljava/security/AccessControlContext;)Ljava/lang/Object; (22 bytes) @ 0x00000000055440ac [0x0000000005543c40+0x46c]
j  java.security.ProtectionDomain$JavaSecurityAccessImpl.doIntersectionPrivilege(Ljava/security/PrivilegedAction;Ljava/security/AccessControlContext;)Ljava/lang/Object;+6
j  java.awt.EventQueue$4.run()Ljava/lang/Void;+11
j  java.awt.EventQueue$4.run()Ljava/lang/Object;+1
v  ~StubRoutines::call_stub
J 660  java.security.AccessController.doPrivileged(Ljava/security/PrivilegedAction;Ljava/security/AccessControlContext;)Ljava/lang/Object; (0 bytes) @ 0x0000000005541b26 [0x0000000005541ac0+0x66]
J 719 C1 java.awt.EventQueue.dispatchEvent(Ljava/awt/AWTEvent;)V (80 bytes) @ 0x000000000555e23c [0x000000000555d3c0+0xe7c]
J 721 C1 java.awt.EventDispatchThread.pumpOneEventForFilters(I)V (295 bytes) @ 0x0000000005561134 [0x000000000555f480+0x1cb4]
j  java.awt.EventDispatchThread.pumpEventsForFilter(ILjava/awt/Conditional;Ljava/awt/EventFilter;)V+35
j  java.awt.EventDispatchThread.pumpEventsForHierarchy(ILjava/awt/Conditional;Ljava/awt/Component;)V+11
j  java.awt.EventDispatchThread.pumpEvents(ILjava/awt/Conditional;)V+4
j  java.awt.EventDispatchThread.pumpEvents(Ljava/awt/Conditional;)V+3
j  java.awt.EventDispatchThread.run()V+9
v  ~StubRoutines::call_stub

---------------  P R O C E S S  ---------------

Java Threads: ( => current thread )
  0x000000001fb00800 JavaThread "pool-2-thread-1" [_thread_blocked, id=9296, stack(0x0000000020ef0000,0x0000000020ff0000)]
  0x000000001ca83000 JavaThread "pool-1-thread-1" [_thread_blocked, id=13124, stack(0x00000000207f0000,0x00000000208f0000)]
  0x000000001c99d000 JavaThread "Abandoned connection cleanup thread" daemon [_thread_blocked, id=10120, stack(0x000000001e690000,0x000000001e790000)]
  0x000000001c49f000 JavaThread "TimerQueue" daemon [_thread_blocked, id=11432, stack(0x000000001da50000,0x000000001db50000)]
  0x00000000051d2800 JavaThread "DestroyJavaVM" [_thread_blocked, id=3188, stack(0x0000000005070000,0x0000000005170000)]
=>0x000000001c3e2800 JavaThread "AWT-EventQueue-0" [_thread_in_vm, id=9832, stack(0x000000001d750000,0x000000001d850000)]
  0x000000001c373800 JavaThread "AWT-Windows" daemon [_thread_in_native, id=10872, stack(0x000000001cce0000,0x000000001cde0000)]
  0x000000001c371000 JavaThread "AWT-Shutdown" [_thread_blocked, id=644, stack(0x000000001cbe0000,0x000000001cce0000)]
  0x000000001c370800 JavaThread "Java2D Disposer" daemon [_thread_blocked, id=12656, stack(0x000000001cae0000,0x000000001cbe0000)]
  0x000000001b96f800 JavaThread "Service Thread" daemon [_thread_blocked, id=5948, stack(0x000000001bd00000,0x000000001be00000)]
  0x0000000019e9a000 JavaThread "C1 CompilerThread2" daemon [_thread_blocked, id=2584, stack(0x000000001b800000,0x000000001b900000)]
  0x0000000019e4c800 JavaThread "C2 CompilerThread1" daemon [_thread_in_native, id=12640, stack(0x000000001b700000,0x000000001b800000)]
  0x0000000019e49000 JavaThread "C2 CompilerThread0" daemon [_thread_in_native, id=10560, stack(0x000000001b600000,0x000000001b700000)]
  0x0000000019e47800 JavaThread "Attach Listener" daemon [_thread_blocked, id=4184, stack(0x000000001b500000,0x000000001b600000)]
  0x0000000019e95800 JavaThread "Signal Dispatcher" daemon [_thread_blocked, id=2160, stack(0x000000001b400000,0x000000001b500000)]
  0x0000000019e2a800 JavaThread "Finalizer" daemon [_thread_blocked, id=11300, stack(0x000000001b0f0000,0x000000001b1f0000)]
  0x0000000019e09000 JavaThread "Reference Handler" daemon [_thread_blocked, id=14532, stack(0x000000001aff0000,0x000000001b0f0000)]

Other Threads:
  0x0000000019e07800 VMThread [stack: 0x000000001aef0000,0x000000001aff0000] [id=13028]
  0x000000001b956000 WatcherThread [stack: 0x000000001be00000,0x000000001bf00000] [id=14272]

VM state:not at safepoint (normal execution)

VM Mutex/Monitor currently owned by a thread: None

Heap:
 PSYoungGen      total 38400K, used 20776K [0x00000000d5e00000, 0x00000000d9600000, 0x0000000100000000)
  eden space 33280K, 47% used [0x00000000d5e00000,0x00000000d6d4db60,0x00000000d7e80000)
  from space 5120K, 99% used [0x00000000d7e80000,0x00000000d837c800,0x00000000d8380000)
  to   space 5120K, 0% used [0x00000000d9100000,0x00000000d9100000,0x00000000d9600000)
 ParOldGen       total 60928K, used 7432K [0x0000000081a00000, 0x0000000085580000, 0x00000000d5e00000)
  object space 60928K, 12% used [0x0000000081a00000,0x00000000821423a8,0x0000000085580000)
 Metaspace       used 30287K, capacity 30510K, committed 30848K, reserved 1077248K
  class space    used 3804K, capacity 3905K, committed 3968K, reserved 1048576K

Card table byte_map: [0x0000000014690000,0x0000000014a90000] byte_map_base: 0x0000000014283000

Marking Bits: (ParMarkBitMap*) 0x00000000770ff860
 Begin Bits: [0x0000000015140000, 0x00000000170d8000)
 End Bits:   [0x00000000170d8000, 0x0000000019070000)

Polling page: 0x0000000003490000

CodeCache: size=245760Kb used=8370Kb max_used=8370Kb free=237389Kb
 bounds [0x00000000052d0000, 0x0000000005b10000, 0x00000000142d0000]
 total_blobs=3411 nmethods=2736 adapters=586
 compilation: enabled

Compilation events (10 events):
Event: 3.276 Thread 0x0000000019e9a000 2740       3       com.sun.org.apache.xerces.internal.utils.XMLSecurityManager$Limit::values (10 bytes)
Event: 3.276 Thread 0x0000000019e9a000 nmethod 2740 0x0000000005b01b50 code [0x0000000005b01cc0, 0x0000000005b01fa8]
Event: 3.276 Thread 0x0000000019e9a000 2737       3       com.sun.org.apache.xerces.internal.util.XMLAttributesImpl::setValue (27 bytes)
Event: 3.276 Thread 0x0000000019e9a000 nmethod 2737 0x0000000005b02050 code [0x0000000005b021a0, 0x0000000005b02350]
Event: 3.276 Thread 0x0000000019e9a000 2735   !   3       org.dom4j.tree.NamespaceCache::getURICache (73 bytes)
Event: 3.276 Thread 0x0000000019e9a000 nmethod 2735 0x0000000005b02490 code [0x0000000005b02680, 0x0000000005b02f98]
Event: 3.277 Thread 0x0000000019e9a000 2738       3       org.jboss.logging.DelegatingBasicLogger::debugf (18 bytes)
Event: 3.277 Thread 0x0000000019e9a000 nmethod 2738 0x0000000005b03310 code [0x0000000005b034c0, 0x0000000005b03bf8]
Event: 3.277 Thread 0x0000000019e9a000 2739       1       java.util.logging.LogRecord::getLevel (5 bytes)
Event: 3.277 Thread 0x0000000019e9a000 nmethod 2739 0x0000000005b03e90 code [0x0000000005b03fe0, 0x0000000005b040f0]

GC Heap History (8 events):
Event: 1.724 GC heap before
{Heap before GC invocations=1 (full 0):
 PSYoungGen      total 38400K, used 33280K [0x00000000d5e00000, 0x00000000d8880000, 0x0000000100000000)
  eden space 33280K, 100% used [0x00000000d5e00000,0x00000000d7e80000,0x00000000d7e80000)
  from space 5120K, 0% used [0x00000000d8380000,0x00000000d8380000,0x00000000d8880000)
  to   space 5120K, 0% used [0x00000000d7e80000,0x00000000d7e80000,0x00000000d8380000)
 ParOldGen       total 87552K, used 0K [0x0000000081a00000, 0x0000000086f80000, 0x00000000d5e00000)
  object space 87552K, 0% used [0x0000000081a00000,0x0000000081a00000,0x0000000086f80000)
 Metaspace       used 16355K, capacity 16512K, committed 16768K, reserved 1064960K
  class space    used 2087K, capacity 2150K, committed 2176K, reserved 1048576K
Event: 1.729 GC heap after
Heap after GC invocations=1 (full 0):
 PSYoungGen      total 38400K, used 5111K [0x00000000d5e00000, 0x00000000d8880000, 0x0000000100000000)
  eden space 33280K, 0% used [0x00000000d5e00000,0x00000000d5e00000,0x00000000d7e80000)
  from space 5120K, 99% used [0x00000000d7e80000,0x00000000d837de18,0x00000000d8380000)
  to   space 5120K, 0% used [0x00000000d8380000,0x00000000d8380000,0x00000000d8880000)
 ParOldGen       total 87552K, used 514K [0x0000000081a00000, 0x0000000086f80000, 0x00000000d5e00000)
  object space 87552K, 0% used [0x0000000081a00000,0x0000000081a809d8,0x0000000086f80000)
 Metaspace       used 16355K, capacity 16512K, committed 16768K, reserved 1064960K
  class space    used 2087K, capacity 2150K, committed 2176K, reserved 1048576K
}
Event: 2.043 GC heap before
{Heap before GC invocations=2 (full 0):
 PSYoungGen      total 38400K, used 21035K [0x00000000d5e00000, 0x00000000d8880000, 0x0000000100000000)
  eden space 33280K, 47% used [0x00000000d5e00000,0x00000000d6d8cfa0,0x00000000d7e80000)
  from space 5120K, 99% used [0x00000000d7e80000,0x00000000d837de18,0x00000000d8380000)
  to   space 5120K, 0% used [0x00000000d8380000,0x00000000d8380000,0x00000000d8880000)
 ParOldGen       total 87552K, used 514K [0x0000000081a00000, 0x0000000086f80000, 0x00000000d5e00000)
  object space 87552K, 0% used [0x0000000081a00000,0x0000000081a809d8,0x0000000086f80000)
 Metaspace       used 20946K, capacity 21094K, committed 21248K, reserved 1067008K
  class space    used 2620K, capacity 2695K, committed 2816K, reserved 1048576K
Event: 2.049 GC heap after
Heap after GC invocations=2 (full 0):
 PSYoungGen      total 38400K, used 5107K [0x00000000d5e00000, 0x00000000da900000, 0x0000000100000000)
  eden space 33280K, 0% used [0x00000000d5e00000,0x00000000d5e00000,0x00000000d7e80000)
  from space 5120K, 99% used [0x00000000d8380000,0x00000000d887cce0,0x00000000d8880000)
  to   space 5120K, 0% used [0x00000000d7e80000,0x00000000d7e80000,0x00000000d8380000)
 ParOldGen       total 87552K, used 2262K [0x0000000081a00000, 0x0000000086f80000, 0x00000000d5e00000)
  object space 87552K, 2% used [0x0000000081a00000,0x0000000081c35980,0x0000000086f80000)
 Metaspace       used 20946K, capacity 21094K, committed 21248K, reserved 1067008K
  class space    used 2620K, capacity 2695K, committed 2816K, reserved 1048576K
}
Event: 2.049 GC heap before
{Heap before GC invocations=3 (full 1):
 PSYoungGen      total 38400K, used 5107K [0x00000000d5e00000, 0x00000000da900000, 0x0000000100000000)
  eden space 33280K, 0% used [0x00000000d5e00000,0x00000000d5e00000,0x00000000d7e80000)
  from space 5120K, 99% used [0x00000000d8380000,0x00000000d887cce0,0x00000000d8880000)
  to   space 5120K, 0% used [0x00000000d7e80000,0x00000000d7e80000,0x00000000d8380000)
 ParOldGen       total 87552K, used 2262K [0x0000000081a00000, 0x0000000086f80000, 0x00000000d5e00000)
  object space 87552K, 2% used [0x0000000081a00000,0x0000000081c35980,0x0000000086f80000)
 Metaspace       used 20946K, capacity 21094K, committed 21248K, reserved 1067008K
  class space    used 2620K, capacity 2695K, committed 2816K, reserved 1048576K
Event: 2.076 GC heap after
Heap after GC invocations=3 (full 1):
 PSYoungGen      total 38400K, used 0K [0x00000000d5e00000, 0x00000000da900000, 0x0000000100000000)
  eden space 33280K, 0% used [0x00000000d5e00000,0x00000000d5e00000,0x00000000d7e80000)
  from space 5120K, 0% used [0x00000000d8380000,0x00000000d8380000,0x00000000d8880000)
  to   space 5120K, 0% used [0x00000000d7e80000,0x00000000d7e80000,0x00000000d8380000)
 ParOldGen       total 60928K, used 6655K [0x0000000081a00000, 0x0000000085580000, 0x00000000d5e00000)
  object space 60928K, 10% used [0x0000000081a00000,0x000000008207fc40,0x0000000085580000)
 Metaspace       used 20946K, capacity 21094K, committed 21248K, reserved 1067008K
  class space    used 2620K, capacity 2695K, committed 2816K, reserved 1048576K
}
Event: 2.731 GC heap before
{Heap before GC invocations=4 (full 1):
 PSYoungGen      total 38400K, used 33280K [0x00000000d5e00000, 0x00000000da900000, 0x0000000100000000)
  eden space 33280K, 100% used [0x00000000d5e00000,0x00000000d7e80000,0x00000000d7e80000)
  from space 5120K, 0% used [0x00000000d8380000,0x00000000d8380000,0x00000000d8880000)
  to   space 5120K, 0% used [0x00000000d7e80000,0x00000000d7e80000,0x00000000d8380000)
 ParOldGen       total 60928K, used 6655K [0x0000000081a00000, 0x0000000085580000, 0x00000000d5e00000)
  object space 60928K, 10% used [0x0000000081a00000,0x000000008207fc40,0x0000000085580000)
 Metaspace       used 26939K, capacity 27142K, committed 27392K, reserved 1073152K
  class space    used 3403K, capacity 3495K, committed 3584K, reserved 1048576K
Event: 2.735 GC heap after
Heap after GC invocations=4 (full 1):
 PSYoungGen      total 38400K, used 5106K [0x00000000d5e00000, 0x00000000d9600000, 0x0000000100000000)
  eden space 33280K, 0% used [0x00000000d5e00000,0x00000000d5e00000,0x00000000d7e80000)
  from space 5120K, 99% used [0x00000000d7e80000,0x00000000d837c800,0x00000000d8380000)
  to   space 5120K, 0% used [0x00000000d9100000,0x00000000d9100000,0x00000000d9600000)
 ParOldGen       total 60928K, used 7432K [0x0000000081a00000, 0x0000000085580000, 0x00000000d5e00000)
  object space 60928K, 12% used [0x0000000081a00000,0x00000000821423a8,0x0000000085580000)
 Metaspace       used 26939K, capacity 27142K, committed 27392K, reserved 1073152K
  class space    used 3403K, capacity 3495K, committed 3584K, reserved 1048576K
}

Deoptimization events (10 events):
Event: 2.403 Thread 0x000000001c3e2800 Uncommon trap: reason=unstable_if action=reinterpret pc=0x0000000005521088 method=java.util.HashMap.getNode(ILjava/lang/Object;)Ljava/util/HashMap$Node; @ 84
Event: 2.404 Thread 0x000000001c3e2800 Uncommon trap: reason=unstable_if action=reinterpret pc=0x00000000054e4f64 method=java.util.HashMap.getNode(ILjava/lang/Object;)Ljava/util/HashMap$Node; @ 84
Event: 2.404 Thread 0x000000001c3e2800 Uncommon trap: reason=unstable_if action=reinterpret pc=0x00000000054e2fb8 method=java.util.HashMap.putVal(ILjava/lang/Object;Ljava/lang/Object;ZZ)Ljava/lang/Object; @ 109
Event: 2.404 Thread 0x000000001c3e2800 Uncommon trap: reason=unstable_if action=reinterpret pc=0x00000000054ccb18 method=java.util.HashMap.putVal(ILjava/lang/Object;Ljava/lang/Object;ZZ)Ljava/lang/Object; @ 109
Event: 2.404 Thread 0x000000001c3e2800 Uncommon trap: reason=unstable_if action=reinterpret pc=0x0000000005773828 method=java.util.HashMap.resize()[Ljava/util/HashMap$Node; @ 206
Event: 2.658 Thread 0x000000001c3e2800 Uncommon trap: reason=unstable_if action=reinterpret pc=0x0000000005845390 method=java.lang.reflect.Method.equals(Ljava/lang/Object;)Z @ 49
Event: 3.048 Thread 0x000000001c3e2800 Uncommon trap: reason=unstable_if action=reinterpret pc=0x0000000005665cf4 method=com.sun.org.apache.xerces.internal.impl.XMLEntityScanner.skipChar(ILcom/sun/org/apache/xerces/internal/impl/XMLScanner$NameType;)Z @ 14
Event: 3.197 Thread 0x000000001c3e2800 Uncommon trap: reason=unstable_if action=reinterpret pc=0x00000000058ddd54 method=java.util.StringTokenizer.scanToken(I)I @ 96
Event: 3.208 Thread 0x000000001c3e2800 Uncommon trap: reason=unstable_if action=reinterpret pc=0x0000000005819744 method=java.lang.String.indexOf([CII[CIII)I @ 27
Event: 3.209 Thread 0x000000001c3e2800 Uncommon trap: reason=unstable_if action=reinterpret pc=0x00000000057963e4 method=java.lang.String.indexOf([CII[CIII)I @ 27

Classes redefined (0 events):
No events

Internal exceptions (10 events):
Event: 0.323 Thread 0x00000000051d2800 Exception <a 'java/lang/ClassNotFoundException': javax/swing/JToolBarSeparator> (0x00000000d62b7b40) thrown at [C:\re\workspace\8-2-build-windows-amd64-cygwin\jdk8u161\10277\hotspot\src\share\vm\classfile\systemDictionary.cpp, line 210]
Event: 0.323 Thread 0x00000000051d2800 Exception <a 'java/lang/ClassNotFoundException': ToolBarSeparator> (0x00000000d62b7fd8) thrown at [C:\re\workspace\8-2-build-windows-amd64-cygwin\jdk8u161\10277\hotspot\src\share\vm\classfile\systemDictionary.cpp, line 210]
Event: 0.323 Thread 0x00000000051d2800 Exception <a 'java/lang/ClassNotFoundException': ToolTip> (0x00000000d62b8718) thrown at [C:\re\workspace\8-2-build-windows-amd64-cygwin\jdk8u161\10277\hotspot\src\share\vm\classfile\systemDictionary.cpp, line 210]
Event: 0.324 Thread 0x00000000051d2800 Exception <a 'java/lang/ClassNotFoundException': Tree> (0x00000000d62b9338) thrown at [C:\re\workspace\8-2-build-windows-amd64-cygwin\jdk8u161\10277\hotspot\src\share\vm\classfile\systemDictionary.cpp, line 210]
Event: 0.324 Thread 0x00000000051d2800 Exception <a 'java/lang/ClassNotFoundException': Tree> (0x00000000d62b9a78) thrown at [C:\re\workspace\8-2-build-windows-amd64-cygwin\jdk8u161\10277\hotspot\src\share\vm\classfile\systemDictionary.cpp, line 210]
Event: 0.324 Thread 0x00000000051d2800 Exception <a 'java/lang/ClassNotFoundException': javax/swing/JTreeCell> (0x00000000d62b9df8) thrown at [C:\re\workspace\8-2-build-windows-amd64-cygwin\jdk8u161\10277\hotspot\src\share\vm\classfile\systemDictionary.cpp, line 210]
Event: 0.324 Thread 0x00000000051d2800 Exception <a 'java/lang/ClassNotFoundException': TreeCell> (0x00000000d62ba280) thrown at [C:\re\workspace\8-2-build-windows-amd64-cygwin\jdk8u161\10277\hotspot\src\share\vm\classfile\systemDictionary.cpp, line 210]
Event: 0.325 Thread 0x00000000051d2800 Exception <a 'java/lang/ClassNotFoundException': RootPane> (0x00000000d62bace0) thrown at [C:\re\workspace\8-2-build-windows-amd64-cygwin\jdk8u161\10277\hotspot\src\share\vm\classfile\systemDictionary.cpp, line 210]
Event: 2.215 Thread 0x000000001c3e2800 Exception <a 'java/lang/NullPointerException'> (0x00000000d6158c70) thrown at [C:\re\workspace\8-2-build-windows-amd64-cygwin\jdk8u161\10277\hotspot\src\share\vm\runtime\reflection.cpp, line 922]
Event: 3.152 Thread 0x000000001c3e2800 Exception <a 'java/lang/NullPointerException'> (0x00000000d6696c20) thrown at [C:\re\workspace\8-2-build-windows-amd64-cygwin\jdk8u161\10277\hotspot\src\share\vm\runtime\reflection.cpp, line 922]

Events (10 events):
Event: 3.232 loading class java/util/stream/ForEachOps$ForEachOp done
Event: 3.232 loading class java/util/stream/ForEachOps$ForEachOp$OfRef done
Event: 3.232 loading class java/util/stream/ReferencePipeline$3$1
Event: 3.232 loading class java/util/stream/Sink$ChainedReference
Event: 3.232 loading class java/util/stream/Sink$ChainedReference done
Event: 3.232 loading class java/util/stream/ReferencePipeline$3$1 done
Event: 3.233 loading class javax/swing/event/ListDataEvent
Event: 3.233 loading class javax/swing/event/ListDataEvent done
Event: 3.233 loading class DAO/SinhVienDAO
Event: 3.233 loading class DAO/SinhVienDAO done


Dynamic libraries:
0x00007ff6e8e20000 - 0x00007ff6e8e57000 	C:\Program Files\Java\jdk1.8.0_161\bin\java.exe
0x00007ff8e27b0000 - 0x00007ff8e2990000 	C:\WINDOWS\SYSTEM32\ntdll.dll
0x00007ff8e2150000 - 0x00007ff8e21fe000 	C:\WINDOWS\System32\KERNEL32.DLL
0x00007ff8df0f0000 - 0x00007ff8df356000 	C:\WINDOWS\System32\KERNELBASE.dll
0x00007ff8e0000000 - 0x00007ff8e00a1000 	C:\WINDOWS\System32\ADVAPI32.dll
0x00007ff8e15a0000 - 0x00007ff8e163d000 	C:\WINDOWS\System32\msvcrt.dll
0x00007ff8e1850000 - 0x00007ff8e18ab000 	C:\WINDOWS\System32\sechost.dll
0x00007ff8e16d0000 - 0x00007ff8e17ef000 	C:\WINDOWS\System32\RPCRT4.dll
0x00007ff8e2200000 - 0x00007ff8e238f000 	C:\WINDOWS\System32\USER32.dll
0x00007ff8dee80000 - 0x00007ff8deea0000 	C:\WINDOWS\System32\win32u.dll
0x00007ff8e1640000 - 0x00007ff8e1668000 	C:\WINDOWS\System32\GDI32.dll
0x00007ff8def50000 - 0x00007ff8df0e3000 	C:\WINDOWS\System32\gdi32full.dll
0x00007ff8dfb90000 - 0x00007ff8dfc2b000 	C:\WINDOWS\System32\msvcp_win.dll
0x00007ff8ded80000 - 0x00007ff8dee76000 	C:\WINDOWS\System32\ucrtbase.dll
0x00007ff8d6af0000 - 0x00007ff8d6d59000 	C:\WINDOWS\WinSxS\amd64_microsoft.windows.common-controls_6595b64144ccf1df_6.0.16299.371_none_15c7d1789365a290\COMCTL32.dll
0x00007ff8e23a0000 - 0x00007ff8e26a8000 	C:\WINDOWS\System32\combase.dll
0x00007ff8df360000 - 0x00007ff8df3d2000 	C:\WINDOWS\System32\bcryptPrimitives.dll
0x00007ff8e2120000 - 0x00007ff8e214d000 	C:\WINDOWS\System32\IMM32.DLL
0x0000000077670000 - 0x0000000077742000 	C:\Program Files\Java\jdk1.8.0_161\jre\bin\msvcr100.dll
0x00000000768e0000 - 0x000000007717f000 	C:\Program Files\Java\jdk1.8.0_161\jre\bin\server\jvm.dll
0x00007ff8e00b0000 - 0x00007ff8e00b8000 	C:\WINDOWS\System32\PSAPI.DLL
0x00007ff8d91a0000 - 0x00007ff8d91c3000 	C:\WINDOWS\SYSTEM32\WINMM.dll
0x00007ff8dd0c0000 - 0x00007ff8dd0c9000 	C:\WINDOWS\SYSTEM32\WSOCK32.dll
0x00007ff8d8080000 - 0x00007ff8d808a000 	C:\WINDOWS\SYSTEM32\VERSION.dll
0x00007ff8e2010000 - 0x00007ff8e207c000 	C:\WINDOWS\System32\WS2_32.dll
0x00007ff8d8a10000 - 0x00007ff8d8a3a000 	C:\WINDOWS\SYSTEM32\winmmbase.dll
0x00007ff8dfc30000 - 0x00007ff8dfc7a000 	C:\WINDOWS\System32\cfgmgr32.dll
0x0000000077620000 - 0x000000007762f000 	C:\Program Files\Java\jdk1.8.0_161\jre\bin\verify.dll
0x00000000768b0000 - 0x00000000768d9000 	C:\Program Files\Java\jdk1.8.0_161\jre\bin\java.dll
0x0000000076890000 - 0x00000000768a6000 	C:\Program Files\Java\jdk1.8.0_161\jre\bin\zip.dll
0x00007ff8e00c0000 - 0x00007ff8e14f6000 	C:\WINDOWS\System32\SHELL32.dll
0x00007ff8dff50000 - 0x00007ff8dfff6000 	C:\WINDOWS\System32\shcore.dll
0x00007ff8df440000 - 0x00007ff8dfb87000 	C:\WINDOWS\System32\windows.storage.dll
0x00007ff8e19c0000 - 0x00007ff8e1a11000 	C:\WINDOWS\System32\shlwapi.dll
0x00007ff8deb40000 - 0x00007ff8deb51000 	C:\WINDOWS\System32\kernel.appcore.dll
0x00007ff8deb60000 - 0x00007ff8debac000 	C:\WINDOWS\System32\powrprof.dll
0x00007ff8deb20000 - 0x00007ff8deb3b000 	C:\WINDOWS\System32\profapi.dll
0x00000000766b0000 - 0x0000000076848000 	C:\Program Files\Java\jdk1.8.0_161\jre\bin\awt.dll
0x00007ff8e26b0000 - 0x00007ff8e2775000 	C:\WINDOWS\System32\OLEAUT32.dll
0x00007ff8dcbf0000 - 0x00007ff8dcc78000 	C:\WINDOWS\SYSTEM32\apphelp.dll
0x00007ff8dcf90000 - 0x00007ff8dd025000 	C:\WINDOWS\system32\uxtheme.dll
0x00007ff8dfc80000 - 0x00007ff8dfde7000 	C:\WINDOWS\System32\MSCTF.dll
0x00007ff8dd380000 - 0x00007ff8dd3aa000 	C:\WINDOWS\system32\dwmapi.dll
0x00007ff8dfe00000 - 0x00007ff8dff49000 	C:\WINDOWS\System32\ole32.dll
0x0000000076660000 - 0x00000000766a7000 	C:\Program Files\Java\jdk1.8.0_161\jre\bin\fontmanager.dll
0x00007ff8c1000000 - 0x00007ff8c111e000 	C:\WINDOWS\system32\opengl32.dll
0x00007ff8c0fd0000 - 0x00007ff8c0ffc000 	C:\WINDOWS\SYSTEM32\GLU32.dll
0x0000000076870000 - 0x000000007688a000 	C:\Program Files\Java\jdk1.8.0_161\jre\bin\net.dll
0x00007ff8de390000 - 0x00007ff8de3f6000 	C:\WINDOWS\system32\mswsock.dll
0x0000000076850000 - 0x0000000076861000 	C:\Program Files\Java\jdk1.8.0_161\jre\bin\nio.dll
0x0000000076610000 - 0x0000000076652000 	C:\Program Files\Java\jdk1.8.0_161\jre\bin\t2k.dll
0x00007ff8e2080000 - 0x00007ff8e211e000 	C:\WINDOWS\System32\clbcatq.dll
0x00007ff8d7600000 - 0x00007ff8d77ab000 	C:\WINDOWS\SYSTEM32\WindowsCodecs.dll
0x00007ff8d05c0000 - 0x00007ff8d060f000 	C:\WINDOWS\system32\dataexchange.dll
0x00007ff8dc6c0000 - 0x00007ff8dc802000 	C:\WINDOWS\system32\dcomp.dll
0x00007ff8dc2f0000 - 0x00007ff8dc5d2000 	C:\WINDOWS\system32\d3d11.dll
0x00007ff8dd960000 - 0x00007ff8dda0f000 	C:\WINDOWS\system32\dxgi.dll
0x00007ff8dd470000 - 0x00007ff8dd5eb000 	C:\WINDOWS\system32\twinapi.appcore.dll
0x00007ff8de660000 - 0x00007ff8de685000 	C:\WINDOWS\system32\bcrypt.dll
0x00007ff8dd5f0000 - 0x00007ff8dd610000 	C:\WINDOWS\system32\RMCLIENT.dll
0x00007ff8c23c0000 - 0x00007ff8c2458000 	C:\WINDOWS\System32\TextInputFramework.dll
0x00007ff8d6800000 - 0x00007ff8d6aee000 	C:\WINDOWS\System32\CoreUIComponents.dll
0x00007ff8dc5e0000 - 0x00007ff8dc6bc000 	C:\WINDOWS\System32\CoreMessaging.dll
0x00007ff8ddc30000 - 0x00007ff8ddc61000 	C:\WINDOWS\SYSTEM32\ntmarta.dll
0x00007ff8da930000 - 0x00007ff8daa66000 	C:\WINDOWS\SYSTEM32\wintypes.dll
0x0000000180000000 - 0x0000000180054000 	C:\Program Files\UniKey\UKHook40.dll
0x00000000761e0000 - 0x000000007620a000 	C:\Program Files\Java\jdk1.8.0_161\jre\bin\dcpr.dll
0x00007ff8de160000 - 0x00007ff8de216000 	C:\WINDOWS\SYSTEM32\DNSAPI.dll
0x00007ff8e2390000 - 0x00007ff8e2398000 	C:\WINDOWS\System32\NSI.dll
0x00007ff8de120000 - 0x00007ff8de159000 	C:\WINDOWS\SYSTEM32\IPHLPAPI.DLL
0x00007ff8d3440000 - 0x00007ff8d344a000 	C:\Windows\System32\rasadhlp.dll
0x00007ff8d58c0000 - 0x00007ff8d5930000 	C:\WINDOWS\System32\fwpuclnt.dll
0x00007ff8de550000 - 0x00007ff8de567000 	C:\WINDOWS\SYSTEM32\CRYPTSP.dll
0x00007ff8ddf90000 - 0x00007ff8ddfc3000 	C:\WINDOWS\system32\rsaenh.dll
0x00007ff8dea30000 - 0x00007ff8dea59000 	C:\WINDOWS\SYSTEM32\USERENV.dll
0x00007ff8de570000 - 0x00007ff8de57b000 	C:\WINDOWS\SYSTEM32\CRYPTBASE.dll
0x00007ff8d6330000 - 0x00007ff8d6346000 	C:\WINDOWS\SYSTEM32\dhcpcsvc6.DLL
0x00007ff8d79b0000 - 0x00007ff8d79ca000 	C:\WINDOWS\SYSTEM32\dhcpcsvc.DLL

VM Arguments:
jvm_args: -Dfile.encoding=UTF-8 
java_command: MainFrame.JLogin
java_class_path (initial): C:\Program Files\NetBeans 8.2\java\modules\ext\hibernate4\antlr-2.7.7.jar;C:\Program Files\NetBeans 8.2\java\modules\ext\hibernate4\c3p0-0.9.2.1.jar;C:\Program Files\NetBeans 8.2\java\modules\ext\hibernate4\hibernate-c3p0-4.3.1.Final.jar;C:\Program Files\NetBeans 8.2\java\modules\ext\hibernate4\mchange-commons-java-0.2.3.4.jar;C:\Program Files\NetBeans 8.2\java\modules\ext\hibernate4\dom4j-1.6.1.jar;C:\Program Files\NetBeans 8.2\java\modules\ext\hibernate4\ehcache-core-2.4.3.jar;C:\Program Files\NetBeans 8.2\java\modules\ext\hibernate4\hibernate-ehcache-4.3.1.Final.jar;C:\Program Files\NetBeans 8.2\java\modules\ext\hibernate4\hibernate-core-4.3.1.Final.jar;C:\Program Files\NetBeans 8.2\java\modules\ext\hibernate4\jboss-logging-3.1.3.GA.jar;C:\Program Files\NetBeans 8.2\java\modules\ext\hibernate4\hibernate-commons-annotations-4.0.4.Final.jar;C:\Program Files\NetBeans 8.2\java\modules\ext\hibernate4\hibernate-entitymanager-4.3.1.Final.jar;C:\Program Files\NetBeans 8.2\java\modules\ext\hibernate4\javassist-3.18.1-GA.jar;C:\Program Files\NetBeans 8.2\java\modules\ext\hibernate4\jboss-transaction-api_1.2_spec-1.0.0.Final.jar;C:\Program Files\NetBeans 8.2\java\modules\ext\hibernate4\slf4j-api-1.6.1.jar;C:\Program Files\NetBeans 8.2\java\modules\ext\hibernate4\slf4j-simple-1.6.1.jar;C:\Program Files\NetBeans 8.2\java\modules\ext\hibernate4\hibernate-jpa-2.1-api-1.0.0.Final.jar;C:\Program Files\NetBeans 8.2\ide\modules\ext\mysql-connector-java-5.1.23-bin.jar;C:\Program Files\NetBeans 8.2\java\modules\ext\beansbinding-1.2.1.jar;E:\GokkiTomoya\Javabase\ChuongTrinhDiemDanh\build\classes
Launcher Type: SUN_STANDARD

Environment Variables:
JAVA_HOME=C:\Program Files\Java\jdk-9.0.4
PATH=C:\ProgramData\Oracle\Java\javapath;C:\WINDOWS\system32;C:\WINDOWS;C:\WINDOWS\System32\Wbem;C:\WINDOWS\System32\WindowsPowerShell\v1.0\;C:\Program Files (x86)\Skype\Phone\;C:\Program Files\dotnet\;C:\Program Files (x86)\Brackets\command;C:\Program Files\Git\cmd;C:\Program Files (x86)\Windows Kits\10\Windows Performance Toolkit\;C:\Program Files\Microsoft Windows Performance Toolkit\;C:\Program Files\Microsoft SQL Server\130\Tools\Binn\;C:\Program Files\Microsoft SDKs\Windows\v7.1\Bin;C:\Program Files (x86)\Microsoft SQL Server\110\Tools\Binn\;C:\Program Files\Microsoft SQL Server\110\Tools\Binn\;C:\Program Files\Microsoft SQL Server\110\DTS\Binn\;C:\Program Files (x86)\Microsoft SQL Server\110\Tools\Binn\ManagementStudio\;C:\Program Files (x86)\Microsoft Visual Studio 10.0\Common7\IDE\PrivateAssemblies\;C:\Program Files (x86)\Microsoft SQL Server\110\DTS\Binn\;C:\Program Files\Java\jdk-9.0.4\bin;C:\Ruby21-x64\bin;C:\Program Files (x86)\MySQL\MySQL Utilities 1.6\;C:\Ruby21-x64\bin;C:\Users\MyPC\AppData\Local\Microsoft\WindowsApps;C:\Program Files\Microsoft SDKs\Windows\v7.1\Bin;C:\Users\MyPC\AppData\Local\GitHubDesktop\bin;C:\Program Files (x86)\Koala\ruby\bin
USERNAME=Gokki
OS=Windows_NT
PROCESSOR_IDENTIFIER=Intel64 Family 6 Model 94 Stepping 3, GenuineIntel



---------------  S Y S T E M  ---------------

OS: Windows 10.0 , 64 bit Build 16299 (10.0.16299.15)

CPU:total 4 (initial active 4) (4 cores per cpu, 1 threads per core) family 6 model 94 stepping 3, cmov, cx8, fxsr, mmx, sse, sse2, sse3, ssse3, sse4.1, sse4.2, popcnt, avx, avx2, aes, clmul, erms, rtm, 3dnowpref, lzcnt, tsc, tscinvbit, bmi1, bmi2, adx

Memory: 4k page, physical 8279148k(1439148k free), swap 19993224k(6136k free)

vm_info: Java HotSpot(TM) 64-Bit Server VM (25.161-b12) for windows-amd64 JRE (1.8.0_161-b12), built on Dec 19 2017 17:52:25 by "java_re" with MS VC++ 10.0 (VS2010)

time: Sat Apr 14 21:42:36 2018
elapsed time: 3 seconds (0d 0h 0m 3s)

