#
# There is insufficient memory for the Java Runtime Environment to continue.
# Native memory allocation (malloc) failed to allocate 627536 bytes for Chunk::new
# Possible reasons:
#   The system is out of physical RAM or swap space
#   In 32 bit mode, the process size limit was hit
# Possible solutions:
#   Reduce memory load on the system
#   Increase physical memory or swap space
#   Check if swap backing store is full
#   Use 64 bit Java on a 64 bit OS
#   Decrease Java heap size (-Xmx/-Xms)
#   Decrease number of Java threads
#   Decrease Java thread stack sizes (-Xss)
#   Set larger code cache with -XX:ReservedCodeCacheSize=
# This output file may be truncated or incomplete.
#
#  Out of Memory Error (allocation.cpp:390), pid=11192, tid=0x0000000000002e04
#
# JRE version: Java(TM) SE Runtime Environment (8.0_161-b12) (build 1.8.0_161-b12)
# Java VM: Java HotSpot(TM) 64-Bit Server VM (25.161-b12 mixed mode windows-amd64 compressed oops)
# Failed to write core dump. Minidumps are not enabled by default on client versions of Windows
#

---------------  T H R E A D  ---------------

Current thread (0x0000000019e78000):  JavaThread "C2 CompilerThread1" daemon [_thread_in_native, id=11780, stack(0x000000001b690000,0x000000001b790000)]

Stack: [0x000000001b690000,0x000000001b790000]
[error occurred during error reporting (printing stack bounds), id 0xc0000005]

Native frames: (J=compiled Java code, j=interpreted, Vv=VM code, C=native code)


Current CompileTask:
C2:   9585 5246   !   4       java.util.Formatter::format (271 bytes)


---------------  P R O C E S S  ---------------

Java Threads: ( => current thread )
  0x000000001fcf2000 JavaThread "pool-27-thread-1" [_thread_blocked, id=6232, stack(0x0000000023f50000,0x0000000024050000)]
  0x000000001fe92800 JavaThread "pool-26-thread-1" [_thread_blocked, id=4656, stack(0x0000000023e50000,0x0000000023f50000)]
  0x000000001fe91000 JavaThread "pool-25-thread-1" [_thread_blocked, id=9168, stack(0x0000000023d50000,0x0000000023e50000)]
  0x000000001fe8e800 JavaThread "pool-24-thread-1" [_thread_blocked, id=12388, stack(0x0000000023c50000,0x0000000023d50000)]
  0x000000001fe90000 JavaThread "pool-23-thread-1" [_thread_blocked, id=14796, stack(0x0000000023b50000,0x0000000023c50000)]
  0x000000001fe8f800 JavaThread "pool-22-thread-1" [_thread_blocked, id=7536, stack(0x0000000023a50000,0x0000000023b50000)]
  0x000000001fe91800 JavaThread "pool-21-thread-1" [_thread_blocked, id=1136, stack(0x0000000023950000,0x0000000023a50000)]
  0x000000001fe8d000 JavaThread "pool-20-thread-1" [_thread_blocked, id=2856, stack(0x0000000023850000,0x0000000023950000)]
  0x000000001fe8c800 JavaThread "pool-19-thread-1" [_thread_blocked, id=14112, stack(0x00000000235f0000,0x00000000236f0000)]
  0x000000001fe8b800 JavaThread "pool-18-thread-1" [_thread_blocked, id=5960, stack(0x00000000233b0000,0x00000000234b0000)]
  0x000000001fe8e000 JavaThread "pool-17-thread-1" [_thread_blocked, id=13568, stack(0x00000000232b0000,0x00000000233b0000)]
  0x000000001fe85000 JavaThread "pool-16-thread-1" [_thread_blocked, id=13884, stack(0x00000000231b0000,0x00000000232b0000)]
  0x000000001fe84000 JavaThread "pool-15-thread-1" [_thread_blocked, id=7056, stack(0x00000000230b0000,0x00000000231b0000)]
  0x000000001fe8b000 JavaThread "pool-14-thread-1" [_thread_blocked, id=8008, stack(0x0000000022fb0000,0x00000000230b0000)]
  0x000000001fe8a000 JavaThread "pool-13-thread-1" [_thread_blocked, id=12916, stack(0x0000000022eb0000,0x0000000022fb0000)]
  0x000000001fe83800 JavaThread "pool-12-thread-1" [_thread_blocked, id=3392, stack(0x0000000022db0000,0x0000000022eb0000)]
  0x000000001fe88800 JavaThread "pool-11-thread-1" [_thread_blocked, id=9224, stack(0x0000000022cb0000,0x0000000022db0000)]
  0x000000001fe88000 JavaThread "pool-10-thread-1" [_thread_blocked, id=5332, stack(0x0000000022ab0000,0x0000000022bb0000)]
  0x000000001fe86800 JavaThread "pool-9-thread-1" [_thread_blocked, id=2472, stack(0x00000000229b0000,0x0000000022ab0000)]
  0x000000001fe87000 JavaThread "pool-8-thread-1" [_thread_blocked, id=13440, stack(0x00000000228b0000,0x00000000229b0000)]
  0x000000001fe85800 JavaThread "pool-7-thread-1" [_thread_blocked, id=9316, stack(0x00000000227b0000,0x00000000228b0000)]
  0x000000001c920000 JavaThread "pool-6-thread-1" [_thread_blocked, id=14536, stack(0x00000000226b0000,0x00000000227b0000)]
  0x000000001c91e000 JavaThread "pool-5-thread-1" [_thread_blocked, id=11948, stack(0x00000000225b0000,0x00000000226b0000)]
  0x000000001c91e800 JavaThread "pool-4-thread-1" [_thread_blocked, id=13492, stack(0x00000000224b0000,0x00000000225b0000)]
  0x000000001c91f800 JavaThread "Thread-3" [_thread_blocked, id=9040, stack(0x0000000022200000,0x0000000022300000)]
  0x00000000212b2000 JavaThread "pool-3-thread-1" [_thread_blocked, id=5160, stack(0x0000000022100000,0x0000000022200000)]
  0x000000001f937800 JavaThread "pool-2-thread-1" [_thread_blocked, id=2968, stack(0x0000000020e30000,0x0000000020f30000)]
  0x000000001ca48800 JavaThread "pool-1-thread-1" [_thread_blocked, id=11276, stack(0x0000000020730000,0x0000000020830000)]
  0x000000001c913800 JavaThread "Abandoned connection cleanup thread" daemon [_thread_blocked, id=3676, stack(0x000000001f460000,0x000000001f560000)]
  0x000000001c449000 JavaThread "TimerQueue" daemon [_thread_blocked, id=6016, stack(0x000000001da20000,0x000000001db20000)]
  0x00000000051b2800 JavaThread "DestroyJavaVM" [_thread_blocked, id=14592, stack(0x0000000005090000,0x0000000005190000)]
  0x000000001c36b800 JavaThread "AWT-EventQueue-0" [_thread_in_native, id=8064, stack(0x000000001d720000,0x000000001d820000)]
  0x000000001c2b0800 JavaThread "AWT-Windows" daemon [_thread_in_native, id=15160, stack(0x000000001cc70000,0x000000001cd70000)]
  0x000000001c2b0000 JavaThread "AWT-Shutdown" [_thread_blocked, id=14400, stack(0x000000001cb70000,0x000000001cc70000)]
  0x000000001c2fe000 JavaThread "Java2D Disposer" daemon [_thread_blocked, id=13548, stack(0x000000001ca70000,0x000000001cb70000)]
  0x0000000019e7e800 JavaThread "Service Thread" daemon [_thread_blocked, id=7024, stack(0x000000001bc90000,0x000000001bd90000)]
  0x000000001b7db000 JavaThread "C1 CompilerThread2" daemon [_thread_blocked, id=1392, stack(0x000000001bb90000,0x000000001bc90000)]
=>0x0000000019e78000 JavaThread "C2 CompilerThread1" daemon [_thread_in_native, id=11780, stack(0x000000001b690000,0x000000001b790000)]
  0x0000000019e2a000 JavaThread "C2 CompilerThread0" daemon [_thread_blocked, id=3868, stack(0x000000001b590000,0x000000001b690000)]
  0x0000000019e28000 JavaThread "Attach Listener" daemon [_thread_blocked, id=12908, stack(0x000000001b490000,0x000000001b590000)]
  0x0000000019e76800 JavaThread "Signal Dispatcher" daemon [_thread_blocked, id=6168, stack(0x000000001b390000,0x000000001b490000)]
  0x0000000019e09000 JavaThread "Finalizer" daemon [_thread_blocked, id=7780, stack(0x000000001b070000,0x000000001b170000)]
  0x00000000052a4000 JavaThread "Reference Handler" daemon [_thread_blocked, id=2516, stack(0x000000001af70000,0x000000001b070000)]

Other Threads:
  0x0000000019de7000 VMThread [stack: 0x000000001ae70000,0x000000001af70000] [id=12740]
  0x000000001b815000 WatcherThread [stack: 0x000000001bd90000,0x000000001be90000] [id=14448]

VM state:not at safepoint (normal execution)

VM Mutex/Monitor currently owned by a thread: None

Heap:
 PSYoungGen      total 89600K, used 80646K [0x00000000d5e00000, 0x00000000dc800000, 0x0000000100000000)
  eden space 72192K, 96% used [0x00000000d5e00000,0x00000000da214540,0x00000000da480000)
  from space 17408K, 62% used [0x00000000db500000,0x00000000dbfad3c0,0x00000000dc600000)
  to   space 16896K, 0% used [0x00000000da480000,0x00000000da480000,0x00000000db500000)
 ParOldGen       total 59392K, used 28803K [0x0000000081a00000, 0x0000000085400000, 0x00000000d5e00000)
  object space 59392K, 48% used [0x0000000081a00000,0x0000000083620fc8,0x0000000085400000)
 Metaspace       used 32195K, capacity 32556K, committed 32768K, reserved 1077248K
  class space    used 3900K, capacity 4002K, committed 4096K, reserved 1048576K

Card table byte_map: [0x0000000014670000,0x0000000014a70000] byte_map_base: 0x0000000014263000

Marking Bits: (ParMarkBitMap*) 0x00000000770ff860
 Begin Bits: [0x0000000015120000, 0x00000000170b8000)
 End Bits:   [0x00000000170b8000, 0x0000000019050000)

Polling page: 0x0000000005060000

CodeCache: size=245760Kb used=16235Kb max_used=16723Kb free=229524Kb
 bounds [0x00000000052b0000, 0x0000000006330000, 0x00000000142b0000]
 total_blobs=5674 nmethods=4986 adapters=597
 compilation: enabled

Compilation events (10 events):
Event: 9.475 Thread 0x0000000019e78000 nmethod 5241 0x00000000055a3890 code [0x00000000055a39e0, 0x00000000055a3c38]
Event: 9.476 Thread 0x0000000019e2a000 5242 %     4       com.sun.org.apache.xerces.internal.impl.XMLDTDScannerImpl::scanDecls @ 9 (453 bytes)
Event: 9.477 Thread 0x000000001b7db000 5243   !   3       com.sun.org.apache.xerces.internal.impl.XMLEntityManager::endEntity (255 bytes)
Event: 9.477 Thread 0x0000000019e78000 5244       4       sun.nio.cs.UTF_8$Encoder::encodeArrayLoop (489 bytes)
Event: 9.478 Thread 0x000000001b7db000 nmethod 5243 0x00000000058d9e10 code [0x00000000058da180, 0x00000000058dc528]
Event: 9.487 Thread 0x0000000019e78000 nmethod 5244 0x000000000630b4d0 code [0x000000000630b680, 0x000000000630c1f0]
Event: 9.487 Thread 0x0000000019e78000 5246   !   4       java.util.Formatter::format (271 bytes)
Event: 9.501 Thread 0x0000000019e2a000 nmethod 5242% 0x0000000005652350 code [0x0000000005652600, 0x0000000005653948]
Event: 9.501 Thread 0x0000000019e2a000 5245   !   4       com.sun.org.apache.xerces.internal.utils.XMLSecurityManager::getSystemProperty (126 bytes)
Event: 9.503 Thread 0x0000000019e2a000 nmethod 5245 0x00000000058d9810 code [0x00000000058d9980, 0x00000000058d9b98]

GC Heap History (10 events):
Event: 2.621 GC heap before
{Heap before GC invocations=3 (full 1):
 PSYoungGen      total 38400K, used 5113K [0x00000000d5e00000, 0x00000000d8880000, 0x0000000100000000)
  eden space 33280K, 0% used [0x00000000d5e00000,0x00000000d5e00000,0x00000000d7e80000)
  from space 5120K, 99% used [0x00000000d8380000,0x00000000d887e5a8,0x00000000d8880000)
  to   space 5120K, 0% used [0x00000000d7e80000,0x00000000d7e80000,0x00000000d8380000)
 ParOldGen       total 87552K, used 2199K [0x0000000081a00000, 0x0000000086f80000, 0x00000000d5e00000)
  object space 87552K, 2% used [0x0000000081a00000,0x0000000081c25e10,0x0000000086f80000)
 Metaspace       used 20947K, capacity 21094K, committed 21248K, reserved 1067008K
  class space    used 2620K, capacity 2695K, committed 2816K, reserved 1048576K
Event: 2.646 GC heap after
Heap after GC invocations=3 (full 1):
 PSYoungGen      total 38400K, used 0K [0x00000000d5e00000, 0x00000000d8880000, 0x0000000100000000)
  eden space 33280K, 0% used [0x00000000d5e00000,0x00000000d5e00000,0x00000000d7e80000)
  from space 5120K, 0% used [0x00000000d8380000,0x00000000d8380000,0x00000000d8880000)
  to   space 5120K, 0% used [0x00000000d7e80000,0x00000000d7e80000,0x00000000d8380000)
 ParOldGen       total 59392K, used 6612K [0x0000000081a00000, 0x0000000085400000, 0x00000000d5e00000)
  object space 59392K, 11% used [0x0000000081a00000,0x0000000082075270,0x0000000085400000)
 Metaspace       used 20947K, capacity 21094K, committed 21248K, reserved 1067008K
  class space    used 2620K, capacity 2695K, committed 2816K, reserved 1048576K
}
Event: 3.442 GC heap before
{Heap before GC invocations=4 (full 1):
 PSYoungGen      total 38400K, used 33280K [0x00000000d5e00000, 0x00000000d8880000, 0x0000000100000000)
  eden space 33280K, 100% used [0x00000000d5e00000,0x00000000d7e80000,0x00000000d7e80000)
  from space 5120K, 0% used [0x00000000d8380000,0x00000000d8380000,0x00000000d8880000)
  to   space 5120K, 0% used [0x00000000d7e80000,0x00000000d7e80000,0x00000000d8380000)
 ParOldGen       total 59392K, used 6612K [0x0000000081a00000, 0x0000000085400000, 0x00000000d5e00000)
  object space 59392K, 11% used [0x0000000081a00000,0x0000000082075270,0x0000000085400000)
 Metaspace       used 27081K, capacity 27270K, committed 27392K, reserved 1073152K
  class space    used 3411K, capacity 3495K, committed 3584K, reserved 1048576K
Event: 3.446 GC heap after
Heap after GC invocations=4 (full 1):
 PSYoungGen      total 38400K, used 5101K [0x00000000d5e00000, 0x00000000d9700000, 0x0000000100000000)
  eden space 33280K, 0% used [0x00000000d5e00000,0x00000000d5e00000,0x00000000d7e80000)
  from space 5120K, 99% used [0x00000000d7e80000,0x00000000d837b450,0x00000000d8380000)
  to   space 5120K, 0% used [0x00000000d9200000,0x00000000d9200000,0x00000000d9700000)
 ParOldGen       total 59392K, used 7632K [0x0000000081a00000, 0x0000000085400000, 0x00000000d5e00000)
  object space 59392K, 12% used [0x0000000081a00000,0x0000000082174140,0x0000000085400000)
 Metaspace       used 27081K, capacity 27270K, committed 27392K, reserved 1073152K
  class space    used 3411K, capacity 3495K, committed 3584K, reserved 1048576K
}
Event: 7.767 GC heap before
{Heap before GC invocations=5 (full 1):
 PSYoungGen      total 38400K, used 38381K [0x00000000d5e00000, 0x00000000d9700000, 0x0000000100000000)
  eden space 33280K, 100% used [0x00000000d5e00000,0x00000000d7e80000,0x00000000d7e80000)
  from space 5120K, 99% used [0x00000000d7e80000,0x00000000d837b450,0x00000000d8380000)
  to   space 5120K, 0% used [0x00000000d9200000,0x00000000d9200000,0x00000000d9700000)
 ParOldGen       total 59392K, used 7632K [0x0000000081a00000, 0x0000000085400000, 0x00000000d5e00000)
  object space 59392K, 12% used [0x0000000081a00000,0x0000000082174140,0x0000000085400000)
 Metaspace       used 31128K, capacity 31382K, committed 31744K, reserved 1077248K
  class space    used 3870K, capacity 3977K, committed 4096K, reserved 1048576K
Event: 7.776 GC heap after
Heap after GC invocations=5 (full 1):
 PSYoungGen      total 51200K, used 5118K [0x00000000d5e00000, 0x00000000d9700000, 0x0000000100000000)
  eden space 46080K, 0% used [0x00000000d5e00000,0x00000000d5e00000,0x00000000d8b00000)
  from space 5120K, 99% used [0x00000000d9200000,0x00000000d96ff840,0x00000000d9700000)
  to   space 5120K, 0% used [0x00000000d8d00000,0x00000000d8d00000,0x00000000d9200000)
 ParOldGen       total 59392K, used 23533K [0x0000000081a00000, 0x0000000085400000, 0x00000000d5e00000)
  object space 59392K, 39% used [0x0000000081a00000,0x00000000830fb758,0x0000000085400000)
 Metaspace       used 31128K, capacity 31382K, committed 31744K, reserved 1077248K
  class space    used 3870K, capacity 3977K, committed 4096K, reserved 1048576K
}
Event: 8.209 GC heap before
{Heap before GC invocations=6 (full 1):
 PSYoungGen      total 51200K, used 51198K [0x00000000d5e00000, 0x00000000d9700000, 0x0000000100000000)
  eden space 46080K, 100% used [0x00000000d5e00000,0x00000000d8b00000,0x00000000d8b00000)
  from space 5120K, 99% used [0x00000000d9200000,0x00000000d96ff840,0x00000000d9700000)
  to   space 5120K, 0% used [0x00000000d8d00000,0x00000000d8d00000,0x00000000d9200000)
 ParOldGen       total 59392K, used 23533K [0x0000000081a00000, 0x0000000085400000, 0x00000000d5e00000)
  object space 59392K, 39% used [0x0000000081a00000,0x00000000830fb758,0x0000000085400000)
 Metaspace       used 31680K, capacity 32030K, committed 32256K, reserved 1077248K
  class space    used 3891K, capacity 3989K, committed 4096K, reserved 1048576K
Event: 8.223 GC heap after
Heap after GC invocations=6 (full 1):
 PSYoungGen      total 53248K, used 5105K [0x00000000d5e00000, 0x00000000dc600000, 0x0000000100000000)
  eden space 48128K, 0% used [0x00000000d5e00000,0x00000000d5e00000,0x00000000d8d00000)
  from space 5120K, 99% used [0x00000000d8d00000,0x00000000d91fc6e8,0x00000000d9200000)
  to   space 17408K, 0% used [0x00000000db500000,0x00000000db500000,0x00000000dc600000)
 ParOldGen       total 59392K, used 28803K [0x0000000081a00000, 0x0000000085400000, 0x00000000d5e00000)
  object space 59392K, 48% used [0x0000000081a00000,0x0000000083620fc8,0x0000000085400000)
 Metaspace       used 31680K, capacity 32030K, committed 32256K, reserved 1077248K
  class space    used 3891K, capacity 3989K, committed 4096K, reserved 1048576K
}
Event: 8.860 GC heap before
{Heap before GC invocations=7 (full 1):
 PSYoungGen      total 53248K, used 53233K [0x00000000d5e00000, 0x00000000dc600000, 0x0000000100000000)
  eden space 48128K, 100% used [0x00000000d5e00000,0x00000000d8d00000,0x00000000d8d00000)
  from space 5120K, 99% used [0x00000000d8d00000,0x00000000d91fc6e8,0x00000000d9200000)
  to   space 17408K, 0% used [0x00000000db500000,0x00000000db500000,0x00000000dc600000)
 ParOldGen       total 59392K, used 28803K [0x0000000081a00000, 0x0000000085400000, 0x00000000d5e00000)
  object space 59392K, 48% used [0x0000000081a00000,0x0000000083620fc8,0x0000000085400000)
 Metaspace       used 31965K, capacity 32300K, committed 32512K, reserved 1077248K
  class space    used 3900K, capacity 4002K, committed 4096K, reserved 1048576K
Event: 8.868 GC heap after
Heap after GC invocations=7 (full 1):
 PSYoungGen      total 89600K, used 10932K [0x00000000d5e00000, 0x00000000dc800000, 0x0000000100000000)
  eden space 72192K, 0% used [0x00000000d5e00000,0x00000000d5e00000,0x00000000da480000)
  from space 17408K, 62% used [0x00000000db500000,0x00000000dbfad3c0,0x00000000dc600000)
  to   space 16896K, 0% used [0x00000000da480000,0x00000000da480000,0x00000000db500000)
 ParOldGen       total 59392K, used 28803K [0x0000000081a00000, 0x0000000085400000, 0x00000000d5e00000)
  object space 59392K, 48% used [0x0000000081a00000,0x0000000083620fc8,0x0000000085400000)
 Metaspace       used 31965K, capacity 32300K, committed 32512K, reserved 1077248K
  class space    used 3900K, capacity 4002K, committed 4096K, reserved 1048576K
}

Deoptimization events (10 events):
Event: 3.952 Thread 0x000000001c36b800 Uncommon trap: reason=unstable_if action=reinterpret pc=0x00000000057fbc00 method=java.lang.String.indexOf([CII[CIII)I @ 27
Event: 4.146 Thread 0x000000001c36b800 Uncommon trap: reason=unstable_if action=reinterpret pc=0x0000000005784924 method=java.lang.String.indexOf([CII[CIII)I @ 27
Event: 4.251 Thread 0x000000001c36b800 Uncommon trap: reason=unstable_if action=reinterpret pc=0x000000000559de58 method=sun.nio.cs.UTF_8$Encoder.encode([CII[B)I @ 33
Event: 6.198 Thread 0x000000001c36b800 Uncommon trap: reason=bimorphic action=maybe_recompile pc=0x00000000058e3fcc method=javax.swing.UIDefaults.getFromHashtable(Ljava/lang/Object;)Ljava/lang/Object; @ 126
Event: 6.212 Thread 0x000000001c36b800 Uncommon trap: reason=bimorphic action=maybe_recompile pc=0x00000000058e3fcc method=javax.swing.UIDefaults.getFromHashtable(Ljava/lang/Object;)Ljava/lang/Object; @ 126
Event: 6.213 Thread 0x000000001c36b800 Uncommon trap: reason=bimorphic action=maybe_recompile pc=0x00000000058e3fcc method=javax.swing.UIDefaults.getFromHashtable(Ljava/lang/Object;)Ljava/lang/Object; @ 126
Event: 6.215 Thread 0x000000001c36b800 Uncommon trap: reason=bimorphic action=maybe_recompile pc=0x00000000058e3fcc method=javax.swing.UIDefaults.getFromHashtable(Ljava/lang/Object;)Ljava/lang/Object; @ 126
Event: 6.228 Thread 0x000000001c36b800 Uncommon trap: reason=unstable_if action=reinterpret pc=0x0000000005d24f44 method=sun.font.CMap$CMapFormat4.getGlyph(I)C @ 181
Event: 7.308 Thread 0x000000001c36b800 Uncommon trap: reason=unstable_if action=reinterpret pc=0x0000000005d5d194 method=java.awt.Container$MouseEventTargetFilter.accept(Ljava/awt/Component;)Z @ 23
Event: 9.205 Thread 0x000000001c36b800 Uncommon trap: reason=null_check action=make_not_entrant pc=0x000000000627dacc method=org.hibernate.loader.plan.build.internal.AbstractLoadPlanBuildingAssociationVisitationStrategy.finishingAttribute(Lorg/hibernate/persister/walking/spi/AttributeDefinitio

Classes redefined (0 events):
No events

Internal exceptions (10 events):
Event: 8.089 Thread 0x000000001c36b800 Exception <a 'java/lang/NullPointerException'> (0x00000000d7c96bf0) thrown at [C:\re\workspace\8-2-build-windows-amd64-cygwin\jdk8u161\10277\hotspot\src\share\vm\runtime\reflection.cpp, line 922]
Event: 8.135 Thread 0x000000001c36b800 Exception <a 'java/lang/NullPointerException'> (0x00000000d8315e58) thrown at [C:\re\workspace\8-2-build-windows-amd64-cygwin\jdk8u161\10277\hotspot\src\share\vm\runtime\reflection.cpp, line 922]
Event: 8.189 Thread 0x000000001c36b800 Exception <a 'java/lang/NullPointerException'> (0x00000000d8a18208) thrown at [C:\re\workspace\8-2-build-windows-amd64-cygwin\jdk8u161\10277\hotspot\src\share\vm\runtime\reflection.cpp, line 922]
Event: 8.293 Thread 0x000000001c36b800 Exception <a 'java/lang/NullPointerException'> (0x00000000d646ab40) thrown at [C:\re\workspace\8-2-build-windows-amd64-cygwin\jdk8u161\10277\hotspot\src\share\vm\runtime\reflection.cpp, line 922]
Event: 8.369 Thread 0x000000001c36b800 Exception <a 'java/lang/NullPointerException'> (0x00000000d6ae84a0) thrown at [C:\re\workspace\8-2-build-windows-amd64-cygwin\jdk8u161\10277\hotspot\src\share\vm\runtime\reflection.cpp, line 922]
Event: 8.516 Thread 0x000000001c36b800 Exception <a 'java/lang/NullPointerException'> (0x00000000d71677d0) thrown at [C:\re\workspace\8-2-build-windows-amd64-cygwin\jdk8u161\10277\hotspot\src\share\vm\runtime\reflection.cpp, line 922]
Event: 8.690 Thread 0x000000001c36b800 Exception <a 'java/lang/NullPointerException'> (0x00000000d78f3528) thrown at [C:\re\workspace\8-2-build-windows-amd64-cygwin\jdk8u161\10277\hotspot\src\share\vm\runtime\reflection.cpp, line 922]
Event: 8.766 Thread 0x000000001c36b800 Exception <a 'java/lang/NullPointerException'> (0x00000000d7f8ddc0) thrown at [C:\re\workspace\8-2-build-windows-amd64-cygwin\jdk8u161\10277\hotspot\src\share\vm\runtime\reflection.cpp, line 922]
Event: 8.827 Thread 0x000000001c36b800 Exception <a 'java/lang/NullPointerException'> (0x00000000d86ffad8) thrown at [C:\re\workspace\8-2-build-windows-amd64-cygwin\jdk8u161\10277\hotspot\src\share\vm\runtime\reflection.cpp, line 922]
Event: 9.205 Thread 0x000000001c36b800 Implicit null exception at 0x000000000627a1dd to 0x000000000627dab9

Events (10 events):
Event: 9.477 Thread 0x000000001c36b800 DEOPT UNPACKING pc=0x00000000052f7890 sp=0x000000001d81bba0 mode 0
Event: 9.489 loading class org/hibernate/c3p0/internal/StrategyRegistrationProviderImpl
Event: 9.489 loading class org/hibernate/c3p0/internal/StrategyRegistrationProviderImpl done
Event: 9.489 loading class org/hibernate/cache/ehcache/StrategyRegistrationProviderImpl
Event: 9.490 loading class org/hibernate/cache/ehcache/StrategyRegistrationProviderImpl done
Event: 9.490 loading class com/mysql/jdbc/Driver
Event: 9.490 loading class com/mysql/jdbc/Driver done
Event: 9.524 Thread 0x000000001fcf2000 Thread added: 0x000000001fcf2000
Event: 9.524 loading class org/hibernate/dialect/MySQLDialect
Event: 9.524 loading class org/hibernate/dialect/MySQLDialect done


Dynamic libraries:
0x00007ff6e8e20000 - 0x00007ff6e8e57000 	C:\Program Files\Java\jdk1.8.0_161\bin\java.exe
0x00007ff8e27b0000 - 0x00007ff8e2990000 	C:\WINDOWS\SYSTEM32\ntdll.dll
0x00007ff8e2150000 - 0x00007ff8e21fe000 	C:\WINDOWS\System32\KERNEL32.DLL
0x00007ff8df0f0000 - 0x00007ff8df356000 	C:\WINDOWS\System32\KERNELBASE.dll
0x00007ff8e0000000 - 0x00007ff8e00a1000 	C:\WINDOWS\System32\ADVAPI32.dll
0x00007ff8e15a0000 - 0x00007ff8e163d000 	C:\WINDOWS\System32\msvcrt.dll
0x00007ff8e1850000 - 0x00007ff8e18ab000 	C:\WINDOWS\System32\sechost.dll
0x00007ff8e16d0000 - 0x00007ff8e17ef000 	C:\WINDOWS\System32\RPCRT4.dll
0x00007ff8e2200000 - 0x00007ff8e238f000 	C:\WINDOWS\System32\USER32.dll
0x00007ff8dee80000 - 0x00007ff8deea0000 	C:\WINDOWS\System32\win32u.dll
0x00007ff8e1640000 - 0x00007ff8e1668000 	C:\WINDOWS\System32\GDI32.dll
0x00007ff8def50000 - 0x00007ff8df0e3000 	C:\WINDOWS\System32\gdi32full.dll
0x00007ff8dfb90000 - 0x00007ff8dfc2b000 	C:\WINDOWS\System32\msvcp_win.dll
0x00007ff8ded80000 - 0x00007ff8dee76000 	C:\WINDOWS\System32\ucrtbase.dll
0x00007ff8d6af0000 - 0x00007ff8d6d59000 	C:\WINDOWS\WinSxS\amd64_microsoft.windows.common-controls_6595b64144ccf1df_6.0.16299.371_none_15c7d1789365a290\COMCTL32.dll
0x00007ff8e23a0000 - 0x00007ff8e26a8000 	C:\WINDOWS\System32\combase.dll
0x00007ff8df360000 - 0x00007ff8df3d2000 	C:\WINDOWS\System32\bcryptPrimitives.dll
0x00007ff8e2120000 - 0x00007ff8e214d000 	C:\WINDOWS\System32\IMM32.DLL
0x0000000077670000 - 0x0000000077742000 	C:\Program Files\Java\jdk1.8.0_161\jre\bin\msvcr100.dll
0x00000000768e0000 - 0x000000007717f000 	C:\Program Files\Java\jdk1.8.0_161\jre\bin\server\jvm.dll
0x00007ff8e00b0000 - 0x00007ff8e00b8000 	C:\WINDOWS\System32\PSAPI.DLL
0x00007ff8d91a0000 - 0x00007ff8d91c3000 	C:\WINDOWS\SYSTEM32\WINMM.dll
0x00007ff8dd0c0000 - 0x00007ff8dd0c9000 	C:\WINDOWS\SYSTEM32\WSOCK32.dll
0x00007ff8d8080000 - 0x00007ff8d808a000 	C:\WINDOWS\SYSTEM32\VERSION.dll
0x00007ff8e2010000 - 0x00007ff8e207c000 	C:\WINDOWS\System32\WS2_32.dll
0x00007ff8d8a10000 - 0x00007ff8d8a3a000 	C:\WINDOWS\SYSTEM32\winmmbase.dll
0x00007ff8dfc30000 - 0x00007ff8dfc7a000 	C:\WINDOWS\System32\cfgmgr32.dll
0x0000000077620000 - 0x000000007762f000 	C:\Program Files\Java\jdk1.8.0_161\jre\bin\verify.dll
0x00000000768b0000 - 0x00000000768d9000 	C:\Program Files\Java\jdk1.8.0_161\jre\bin\java.dll
0x0000000076890000 - 0x00000000768a6000 	C:\Program Files\Java\jdk1.8.0_161\jre\bin\zip.dll
0x00007ff8e00c0000 - 0x00007ff8e14f6000 	C:\WINDOWS\System32\SHELL32.dll
0x00007ff8dff50000 - 0x00007ff8dfff6000 	C:\WINDOWS\System32\shcore.dll
0x00007ff8df440000 - 0x00007ff8dfb87000 	C:\WINDOWS\System32\windows.storage.dll
0x00007ff8e19c0000 - 0x00007ff8e1a11000 	C:\WINDOWS\System32\shlwapi.dll
0x00007ff8deb40000 - 0x00007ff8deb51000 	C:\WINDOWS\System32\kernel.appcore.dll
0x00007ff8deb60000 - 0x00007ff8debac000 	C:\WINDOWS\System32\powrprof.dll
0x00007ff8deb20000 - 0x00007ff8deb3b000 	C:\WINDOWS\System32\profapi.dll
0x00000000766b0000 - 0x0000000076848000 	C:\Program Files\Java\jdk1.8.0_161\jre\bin\awt.dll
0x00007ff8e26b0000 - 0x00007ff8e2775000 	C:\WINDOWS\System32\OLEAUT32.dll
0x00007ff8dcbf0000 - 0x00007ff8dcc78000 	C:\WINDOWS\SYSTEM32\apphelp.dll
0x00007ff8dcf90000 - 0x00007ff8dd025000 	C:\WINDOWS\system32\uxtheme.dll
0x00007ff8dfc80000 - 0x00007ff8dfde7000 	C:\WINDOWS\System32\MSCTF.dll
0x00007ff8dd380000 - 0x00007ff8dd3aa000 	C:\WINDOWS\system32\dwmapi.dll
0x00007ff8dfe00000 - 0x00007ff8dff49000 	C:\WINDOWS\System32\ole32.dll
0x0000000076660000 - 0x00000000766a7000 	C:\Program Files\Java\jdk1.8.0_161\jre\bin\fontmanager.dll
0x00007ff8c1000000 - 0x00007ff8c111e000 	C:\WINDOWS\system32\opengl32.dll
0x00007ff8c0fd0000 - 0x00007ff8c0ffc000 	C:\WINDOWS\SYSTEM32\GLU32.dll
0x0000000076870000 - 0x000000007688a000 	C:\Program Files\Java\jdk1.8.0_161\jre\bin\net.dll
0x00007ff8de390000 - 0x00007ff8de3f6000 	C:\WINDOWS\system32\mswsock.dll
0x0000000076850000 - 0x0000000076861000 	C:\Program Files\Java\jdk1.8.0_161\jre\bin\nio.dll
0x0000000076610000 - 0x0000000076652000 	C:\Program Files\Java\jdk1.8.0_161\jre\bin\t2k.dll
0x00007ff8e2080000 - 0x00007ff8e211e000 	C:\WINDOWS\System32\clbcatq.dll
0x00007ff8d7600000 - 0x00007ff8d77ab000 	C:\WINDOWS\SYSTEM32\WindowsCodecs.dll
0x00007ff8d05c0000 - 0x00007ff8d060f000 	C:\WINDOWS\system32\dataexchange.dll
0x00007ff8dc6c0000 - 0x00007ff8dc802000 	C:\WINDOWS\system32\dcomp.dll
0x00007ff8dc2f0000 - 0x00007ff8dc5d2000 	C:\WINDOWS\system32\d3d11.dll
0x00007ff8dd960000 - 0x00007ff8dda0f000 	C:\WINDOWS\system32\dxgi.dll
0x00007ff8dd470000 - 0x00007ff8dd5eb000 	C:\WINDOWS\system32\twinapi.appcore.dll
0x00007ff8dd5f0000 - 0x00007ff8dd610000 	C:\WINDOWS\system32\RMCLIENT.dll
0x00007ff8de660000 - 0x00007ff8de685000 	C:\WINDOWS\system32\bcrypt.dll
0x00007ff8c23c0000 - 0x00007ff8c2458000 	C:\WINDOWS\System32\TextInputFramework.dll
0x00007ff8d6800000 - 0x00007ff8d6aee000 	C:\WINDOWS\System32\CoreUIComponents.dll
0x00007ff8dc5e0000 - 0x00007ff8dc6bc000 	C:\WINDOWS\System32\CoreMessaging.dll
0x00007ff8ddc30000 - 0x00007ff8ddc61000 	C:\WINDOWS\SYSTEM32\ntmarta.dll
0x00007ff8da930000 - 0x00007ff8daa66000 	C:\WINDOWS\SYSTEM32\wintypes.dll
0x0000000180000000 - 0x0000000180054000 	C:\Program Files\UniKey\UKHook40.dll
0x00000000761e0000 - 0x000000007620a000 	C:\Program Files\Java\jdk1.8.0_161\jre\bin\dcpr.dll
0x00007ff8de160000 - 0x00007ff8de216000 	C:\WINDOWS\SYSTEM32\DNSAPI.dll
0x00007ff8e2390000 - 0x00007ff8e2398000 	C:\WINDOWS\System32\NSI.dll
0x00007ff8de120000 - 0x00007ff8de159000 	C:\WINDOWS\SYSTEM32\IPHLPAPI.DLL
0x00007ff8d3440000 - 0x00007ff8d344a000 	C:\Windows\System32\rasadhlp.dll
0x00007ff8d58c0000 - 0x00007ff8d5930000 	C:\WINDOWS\System32\fwpuclnt.dll
0x00007ff8de550000 - 0x00007ff8de567000 	C:\WINDOWS\SYSTEM32\CRYPTSP.dll
0x00007ff8ddf90000 - 0x00007ff8ddfc3000 	C:\WINDOWS\system32\rsaenh.dll
0x00007ff8dea30000 - 0x00007ff8dea59000 	C:\WINDOWS\SYSTEM32\USERENV.dll
0x00007ff8de570000 - 0x00007ff8de57b000 	C:\WINDOWS\SYSTEM32\CRYPTBASE.dll
0x00007ff8d6330000 - 0x00007ff8d6346000 	C:\WINDOWS\SYSTEM32\dhcpcsvc6.DLL
0x00007ff8d79b0000 - 0x00007ff8d79ca000 	C:\WINDOWS\SYSTEM32\dhcpcsvc.DLL

VM Arguments:
jvm_args: -Dfile.encoding=UTF-8 
java_command: MainFrame.JLogin
java_class_path (initial): C:\Program Files\NetBeans 8.2\java\modules\ext\hibernate4\antlr-2.7.7.jar;C:\Program Files\NetBeans 8.2\java\modules\ext\hibernate4\c3p0-0.9.2.1.jar;C:\Program Files\NetBeans 8.2\java\modules\ext\hibernate4\hibernate-c3p0-4.3.1.Final.jar;C:\Program Files\NetBeans 8.2\java\modules\ext\hibernate4\mchange-commons-java-0.2.3.4.jar;C:\Program Files\NetBeans 8.2\java\modules\ext\hibernate4\dom4j-1.6.1.jar;C:\Program Files\NetBeans 8.2\java\modules\ext\hibernate4\ehcache-core-2.4.3.jar;C:\Program Files\NetBeans 8.2\java\modules\ext\hibernate4\hibernate-ehcache-4.3.1.Final.jar;C:\Program Files\NetBeans 8.2\java\modules\ext\hibernate4\hibernate-core-4.3.1.Final.jar;C:\Program Files\NetBeans 8.2\java\modules\ext\hibernate4\jboss-logging-3.1.3.GA.jar;C:\Program Files\NetBeans 8.2\java\modules\ext\hibernate4\hibernate-commons-annotations-4.0.4.Final.jar;C:\Program Files\NetBeans 8.2\java\modules\ext\hibernate4\hibernate-entitymanager-4.3.1.Final.jar;C:\Program Files\NetBeans 8.2\java\modules\ext\hibernate4\javassist-3.18.1-GA.jar;C:\Program Files\NetBeans 8.2\java\modules\ext\hibernate4\jboss-transaction-api_1.2_spec-1.0.0.Final.jar;C:\Program Files\NetBeans 8.2\java\modules\ext\hibernate4\slf4j-api-1.6.1.jar;C:\Program Files\NetBeans 8.2\java\modules\ext\hibernate4\slf4j-simple-1.6.1.jar;C:\Program Files\NetBeans 8.2\java\modules\ext\hibernate4\hibernate-jpa-2.1-api-1.0.0.Final.jar;C:\Program Files\NetBeans 8.2\ide\modules\ext\mysql-connector-java-5.1.23-bin.jar;C:\Program Files\NetBeans 8.2\java\modules\ext\beansbinding-1.2.1.jar;E:\GokkiTomoya\Javabase\ChuongTrinhDiemDanh\build\classes
Launcher Type: SUN_STANDARD

Environment Variables:
JAVA_HOME=C:\Program Files\Java\jdk-9.0.4
PATH=C:\ProgramData\Oracle\Java\javapath;C:\WINDOWS\system32;C:\WINDOWS;C:\WINDOWS\System32\Wbem;C:\WINDOWS\System32\WindowsPowerShell\v1.0\;C:\Program Files (x86)\Skype\Phone\;C:\Program Files\dotnet\;C:\Program Files (x86)\Brackets\command;C:\Program Files\Git\cmd;C:\Program Files (x86)\Windows Kits\10\Windows Performance Toolkit\;C:\Program Files\Microsoft Windows Performance Toolkit\;C:\Program Files\Microsoft SQL Server\130\Tools\Binn\;C:\Program Files\Microsoft SDKs\Windows\v7.1\Bin;C:\Program Files (x86)\Microsoft SQL Server\110\Tools\Binn\;C:\Program Files\Microsoft SQL Server\110\Tools\Binn\;C:\Program Files\Microsoft SQL Server\110\DTS\Binn\;C:\Program Files (x86)\Microsoft SQL Server\110\Tools\Binn\ManagementStudio\;C:\Program Files (x86)\Microsoft Visual Studio 10.0\Common7\IDE\PrivateAssemblies\;C:\Program Files (x86)\Microsoft SQL Server\110\DTS\Binn\;C:\Program Files\Java\jdk-9.0.4\bin;C:\Ruby21-x64\bin;C:\Program Files (x86)\MySQL\MySQL Utilities 1.6\;C:\Ruby21-x64\bin;C:\Users\MyPC\AppData\Local\Microsoft\WindowsApps;C:\Program Files\Microsoft SDKs\Windows\v7.1\Bin;C:\Users\MyPC\AppData\Local\GitHubDesktop\bin;C:\Program Files (x86)\Koala\ruby\bin
USERNAME=Gokki
OS=Windows_NT
PROCESSOR_IDENTIFIER=Intel64 Family 6 Model 94 Stepping 3, GenuineIntel



---------------  S Y S T E M  ---------------

OS: Windows 10.0 , 64 bit Build 16299 (10.0.16299.15)

CPU:total 4 (initial active 4) (4 cores per cpu, 1 threads per core) family 6 model 94 stepping 3, cmov, cx8, fxsr, mmx, sse, sse2, sse3, ssse3, sse4.1, sse4.2, popcnt, avx, avx2, aes, clmul, erms, rtm, 3dnowpref, lzcnt, tsc, tscinvbit, bmi1, bmi2, adx

Memory: 4k page, physical 8279148k(1307716k free), swap 19993224k(8964k free)

vm_info: Java HotSpot(TM) 64-Bit Server VM (25.161-b12) for windows-amd64 JRE (1.8.0_161-b12), built on Dec 19 2017 17:52:25 by "java_re" with MS VC++ 10.0 (VS2010)

time: Sat Apr 14 21:44:56 2018
elapsed time: 9 seconds (0d 0h 0m 9s)

